<?xml version="1.0" encoding="UTF-8"?>
<!-- Generated by org.testng.reporters.JUnitReportReporter -->
<testsuite hostname="DESKTOP-NNRVDRO" failures="0" tests="2" name="TestLayer.LoginPageTest" time="3.290" errors="0" timestamp="2023-12-27T16:46:06 IST" skipped="0">
  <testcase classname="TestLayer.LoginPageTest" name="validatePageTitle" time="0.594"/>
  <system-out/>
  <testcase classname="TestLayer.LoginPageTest" name="validateLoginFunctionality" time="2.696"/>
  <system-out/>
</testsuite> <!-- TestLayer.LoginPageTest -->
