<?xml version="1.0" encoding="UTF-8"?>
<!-- Generated by org.testng.reporters.JUnitReportReporter -->
<testsuite hostname="DESKTOP-NNRVDRO" failures="0" tests="1" name="BaseLayer.BaseClass" time="23.789" errors="0" timestamp="2023-12-25T19:38:44 IST" skipped="0">
  <testcase classname="BaseLayer.BaseClass" name="initilization" time="23.789"/>
  <system-out/>
</testsuite> <!-- BaseLayer.BaseClass -->
