<?xml version="1.0" encoding="UTF-8"?>
<!-- Generated by org.testng.reporters.JUnitReportReporter -->
<testsuite hostname="DESKTOP-NNRVDRO" failures="0" tests="1" name="TestLayer.ContactPageTest" time="18.406" errors="0" timestamp="2023-12-27T16:46:06 IST" skipped="0">
  <testcase classname="TestLayer.ContactPageTest" name="validateContactPageFunctionality" time="18.406"/>
  <system-out/>
</testsuite> <!-- TestLayer.ContactPageTest -->
