<?xml version="1.0" encoding="UTF-8"?>
<!-- Generated by org.testng.reporters.JUnitReportReporter -->
<testsuite hostname="DESKTOP-NNRVDRO" failures="0" tests="5" name="TestLayer.HomePageTest" time="8.689" errors="0" timestamp="2023-12-27T16:46:06 IST" skipped="0">
  <testcase classname="TestLayer.HomePageTest" name="validateHomePageUrl" time="0.269"/>
  <system-out/>
  <testcase classname="TestLayer.HomePageTest" name="validatePageTitle" time="0.087"/>
  <system-out/>
  <testcase classname="TestLayer.HomePageTest" name="validateContactLink" time="7.142"/>
  <system-out/>
  <testcase classname="TestLayer.HomePageTest" name="validateLinksOnHomepage" time="1.139"/>
  <system-out/>
  <testcase classname="TestLayer.HomePageTest" name="validateCurrentPageUrl" time="0.052"/>
  <system-out/>
</testsuite> <!-- TestLayer.HomePageTest -->
